#
# There is insufficient memory for the Java Runtime Environment to continue.
# Native memory allocation (mmap) failed to map 266338304 bytes. Error detail: G1 virtual space
# Possible reasons:
#   The system is out of physical RAM or swap space
#   This process is running with CompressedOops enabled, and the Java Heap may be blocking the growth of the native heap
# Possible solutions:
#   Reduce memory load on the system
#   Increase physical memory or swap space
#   Check if swap backing store is full
#   Decrease Java heap size (-Xmx/-Xms)
#   Decrease number of Java threads
#   Decrease Java thread stack sizes (-Xss)
#   Set larger code cache with -XX:ReservedCodeCacheSize=
#   JVM is running with Unscaled Compressed Oops mode in which the Java heap is
#     placed in the first 4GB address space. The Java Heap base address is the
#     maximum limit for the native heap growth. Please use -XX:HeapBaseMinAddress
#     to set the Java Heap base and to place the Java Heap above 4GB virtual address.
# This output file may be truncated or incomplete.
#
#  Out of Memory Error (os_windows.cpp:3614), pid=20676, tid=20712
#
# JRE version:  (17.0.13+11) (build )
# Java VM: OpenJDK 64-Bit Server VM (17.0.13+11, mixed mode, sharing, tiered, compressed oops, compressed class ptrs, g1 gc, windows-amd64)
# No core dump will be written. Minidumps are not enabled by default on client versions of Windows
#

---------------  S U M M A R Y ------------

Command Line: -Xmx1024M -Xss1m C:\Users\ASUS\AppData\Local\Android\Sdk\build-tools\35.0.0\lib\apksigner.jar verify --print-certs C:/Users/ASUS/Desktop/ArabicCorrector/android/app/build/outputs/apk/release/app-release.apk

Host: Intel(R) Core(TM) i5-10300H CPU @ 2.50GHz, 8 cores, 15G,  Windows 11 , 64 bit Build 26100 (10.0.26100.8521)
Time: Tue Jun 23 01:01:39 2026 Arab Standard Time elapsed time: 1.534016 seconds (0d 0h 0m 1s)

---------------  T H R E A D  ---------------

Current thread (0x000001a42c1e0ac0):  JavaThread "Unknown thread" [_thread_in_vm, id=20712, stack(0x0000005c7d300000,0x0000005c7d400000)]

Stack: [0x0000005c7d300000,0x0000005c7d400000]
Native frames: (J=compiled Java code, j=interpreted, Vv=VM code, C=native code)
V  [jvm.dll+0x682a19]
V  [jvm.dll+0x839538]
V  [jvm.dll+0x83afe3]
V  [jvm.dll+0x83b653]
V  [jvm.dll+0x24704f]
V  [jvm.dll+0x67f809]
V  [jvm.dll+0x6746fa]
V  [jvm.dll+0x304a96]
V  [jvm.dll+0x30bf56]
V  [jvm.dll+0x35da5e]
V  [jvm.dll+0x35dc9d]
V  [jvm.dll+0x2dbe5c]
V  [jvm.dll+0x2dcd74]
V  [jvm.dll+0x80b44b]
V  [jvm.dll+0x36b491]
V  [jvm.dll+0x7e9e3f]
V  [jvm.dll+0x3f1d7f]
V  [jvm.dll+0x3f38b1]
C  [jli.dll+0x5278]
C  [ucrtbase.dll+0x2cd30]
C  [KERNEL32.DLL+0x2e957]
C  [ntdll.dll+0x87c1c]


---------------  P R O C E S S  ---------------

Threads class SMR info:
_java_thread_list=0x00007ffdd6af7f58, length=0, elements={
}

Java Threads: ( => current thread )

Other Threads:
  0x000001a42c21c280 GCTaskThread "GC Thread#0" [stack: 0x0000005c7d400000,0x0000005c7d500000] [id=20732]
  0x000001a42c2251d0 ConcurrentGCThread "G1 Main Marker" [stack: 0x0000005c7d500000,0x0000005c7d600000] [id=20736]
  0x000001a42c2268c0 ConcurrentGCThread "G1 Conc#0" [stack: 0x0000005c7d600000,0x0000005c7d700000] [id=20740]

[error occurred during error reporting (printing all threads), id 0xc0000005, EXCEPTION_ACCESS_VIOLATION (0xc0000005) at pc=0x00007ffdd62ac987]

VM state: not at safepoint (not fully initialized)

VM Mutex/Monitor currently owned by a thread:  ([mutex/lock_event])
[0x000001a42c1dc620] Heap_lock - owner thread: 0x000001a42c1e0ac0

Heap address: 0x00000000c0000000, size: 1024 MB, Compressed Oops mode: 32-bit

CDS archive(s) mapped at: [0x0000000000000000-0x0000000000000000-0x0000000000000000), size 0, SharedBaseAddress: 0x0000000800000000, ArchiveRelocationMode: 1.
Narrow klass base: 0x0000000000000000, Narrow klass shift: 0, Narrow klass range: 0x0

GC Precious Log:
<Empty>

Heap:
 garbage-first heap   total 0K, used 0K [0x00000000c0000000, 0x0000000100000000)
  region size 1024K, 0 young (0K), 0 survivors (0K)

[error occurred during error reporting (printing heap information), id 0xc0000005, EXCEPTION_ACCESS_VIOLATION (0xc0000005) at pc=0x00007ffdd669c179]

GC Heap History (0 events):
No events

Dll operation events (1 events):
Event: 0.010 Loaded shared library C:\Program Files\Eclipse Adoptium\jdk-17.0.13.11-hotspot\bin\java.dll

Deoptimization events (0 events):
No events

Classes loaded (0 events):
No events

Classes unloaded (0 events):
No events

Classes redefined (0 events):
No events

Internal exceptions (0 events):
No events

VM Operations (0 events):
No events

Memory protections (0 events):
No events

Nmethod flushes (0 events):
No events

Events (0 events):
No events


Dynamic libraries:
0x00007ff60cc70000 - 0x00007ff60cc7e000 	C:\Program Files\Eclipse Adoptium\jdk-17.0.13.11-hotspot\bin\java.exe
0x00007ffe6fb20000 - 0x00007ffe6fd86000 	C:\WINDOWS\SYSTEM32\ntdll.dll
0x00007ffe6ef10000 - 0x00007ffe6efd9000 	C:\WINDOWS\System32\KERNEL32.DLL
0x00007ffe6d1a0000 - 0x00007ffe6d59a000 	C:\WINDOWS\System32\KERNELBASE.dll
0x00007ffe68fc0000 - 0x00007ffe69060000 	C:\WINDOWS\SYSTEM32\apphelp.dll
0x00007ffe6cdb0000 - 0x00007ffe6cefc000 	C:\WINDOWS\System32\ucrtbase.dll
0x00007ffe5ed60000 - 0x00007ffe5ed77000 	C:\Program Files\Eclipse Adoptium\jdk-17.0.13.11-hotspot\bin\jli.dll
0x00007ffe58ad0000 - 0x00007ffe58aee000 	C:\Program Files\Eclipse Adoptium\jdk-17.0.13.11-hotspot\bin\VCRUNTIME140.dll
0x00007ffe6f0d0000 - 0x00007ffe6f297000 	C:\WINDOWS\System32\USER32.dll
0x00007ffe6d040000 - 0x00007ffe6d067000 	C:\WINDOWS\System32\win32u.dll
0x00007ffe52fa0000 - 0x00007ffe53232000 	C:\WINDOWS\WinSxS\amd64_microsoft.windows.common-controls_6595b64144ccf1df_6.0.26100.8521_none_3e08b75ce33403b3\COMCTL32.dll
0x00007ffe6f540000 - 0x00007ffe6f56b000 	C:\WINDOWS\System32\GDI32.dll
0x00007ffe6e480000 - 0x00007ffe6e529000 	C:\WINDOWS\System32\msvcrt.dll
0x00007ffe6d070000 - 0x00007ffe6d19b000 	C:\WINDOWS\System32\gdi32full.dll
0x00007ffe6d7e0000 - 0x00007ffe6d883000 	C:\WINDOWS\System32\msvcp_win.dll
0x00007ffe6e080000 - 0x00007ffe6e0b2000 	C:\WINDOWS\System32\IMM32.DLL
0x00007ffe67730000 - 0x00007ffe6773c000 	C:\Program Files\Eclipse Adoptium\jdk-17.0.13.11-hotspot\bin\vcruntime140_1.dll
0x00007ffe2b350000 - 0x00007ffe2b3dd000 	C:\Program Files\Eclipse Adoptium\jdk-17.0.13.11-hotspot\bin\msvcp140.dll
0x00007ffdd5fc0000 - 0x00007ffdd6c2b000 	C:\Program Files\Eclipse Adoptium\jdk-17.0.13.11-hotspot\bin\server\jvm.dll
0x00007ffe6ee50000 - 0x00007ffe6ef06000 	C:\WINDOWS\System32\ADVAPI32.dll
0x00007ffe6fa30000 - 0x00007ffe6fada000 	C:\WINDOWS\System32\sechost.dll
0x00007ffe6f420000 - 0x00007ffe6f538000 	C:\WINDOWS\System32\RPCRT4.dll
0x00007ffe6efe0000 - 0x00007ffe6f060000 	C:\WINDOWS\System32\WS2_32.dll
0x00007ffe6cc10000 - 0x00007ffe6cc6e000 	C:\WINDOWS\SYSTEM32\POWRPROF.dll
0x00007ffe597f0000 - 0x00007ffe59826000 	C:\WINDOWS\SYSTEM32\WINMM.dll
0x00007ffe65150000 - 0x00007ffe6515b000 	C:\WINDOWS\SYSTEM32\VERSION.dll
0x00007ffe6cbf0000 - 0x00007ffe6cc04000 	C:\WINDOWS\SYSTEM32\UMPDC.dll
0x00007ffe6bb10000 - 0x00007ffe6bb2b000 	C:\WINDOWS\SYSTEM32\kernel.appcore.dll
0x00007ffe659a0000 - 0x00007ffe659aa000 	C:\Program Files\Eclipse Adoptium\jdk-17.0.13.11-hotspot\bin\jimage.dll
0x00007ffe6a550000 - 0x00007ffe6a792000 	C:\WINDOWS\SYSTEM32\DBGHELP.DLL
0x00007ffe6f6a0000 - 0x00007ffe6fa23000 	C:\WINDOWS\System32\combase.dll
0x00007ffe6f340000 - 0x00007ffe6f419000 	C:\WINDOWS\System32\OLEAUT32.dll
0x00007ffe46790000 - 0x00007ffe467cb000 	C:\WINDOWS\SYSTEM32\dbgcore.DLL
0x00007ffe6cf00000 - 0x00007ffe6cfa8000 	C:\WINDOWS\System32\bcryptPrimitives.dll
0x00007ffe58aa0000 - 0x00007ffe58ac5000 	C:\Program Files\Eclipse Adoptium\jdk-17.0.13.11-hotspot\bin\java.dll

dbghelp: loaded successfully - version: 4.0.5 - missing functions: none
symbol engine: initialized successfully - sym options: 0x614 - pdb path: .;C:\Program Files\Eclipse Adoptium\jdk-17.0.13.11-hotspot\bin;C:\WINDOWS\SYSTEM32;C:\WINDOWS\WinSxS\amd64_microsoft.windows.common-controls_6595b64144ccf1df_6.0.26100.8521_none_3e08b75ce33403b3;C:\Program Files\Eclipse Adoptium\jdk-17.0.13.11-hotspot\bin\server

VM Arguments:
jvm_args: -Xmx1024M -Xss1m 
java_command: C:\Users\ASUS\AppData\Local\Android\Sdk\build-tools\35.0.0\lib\apksigner.jar verify --print-certs C:/Users/ASUS/Desktop/ArabicCorrector/android/app/build/outputs/apk/release/app-release.apk
java_class_path (initial): C:\Users\ASUS\AppData\Local\Android\Sdk\build-tools\35.0.0\lib\apksigner.jar
Launcher Type: SUN_STANDARD

[Global flags]
     intx CICompilerCount                          = 4                                         {product} {ergonomic}
     uint ConcGCThreads                            = 2                                         {product} {ergonomic}
     uint G1ConcRefinementThreads                  = 8                                         {product} {ergonomic}
   size_t G1HeapRegionSize                         = 1048576                                   {product} {ergonomic}
    uintx GCDrainStackTargetSize                   = 64                                        {product} {ergonomic}
   size_t InitialHeapSize                          = 266338304                                 {product} {ergonomic}
   size_t MarkStackSize                            = 4194304                                   {product} {ergonomic}
   size_t MaxHeapSize                              = 1073741824                                {product} {command line}
   size_t MinHeapDeltaBytes                        = 1048576                                   {product} {ergonomic}
   size_t MinHeapSize                              = 8388608                                   {product} {ergonomic}
    uintx NonNMethodCodeHeapSize                   = 5839372                                {pd product} {ergonomic}
    uintx NonProfiledCodeHeapSize                  = 122909434                              {pd product} {ergonomic}
    uintx ProfiledCodeHeapSize                     = 122909434                              {pd product} {ergonomic}
    uintx ReservedCodeCacheSize                    = 251658240                              {pd product} {ergonomic}
     bool SegmentedCodeCache                       = true                                      {product} {ergonomic}
   size_t SoftMaxHeapSize                          = 1073741824                             {manageable} {ergonomic}
     intx ThreadStackSize                          = 1024                                   {pd product} {command line}
     bool UseCompressedClassPointers               = true                           {product lp64_product} {ergonomic}
     bool UseCompressedOops                        = true                           {product lp64_product} {ergonomic}
     bool UseG1GC                                  = true                                      {product} {ergonomic}
     bool UseLargePagesIndividualAllocation        = false                                  {pd product} {ergonomic}

Logging:
Log output configuration:
 #0: stdout all=warning uptime,level,tags
 #1: stderr all=off uptime,level,tags

Environment Variables:
JAVA_HOME=C:\Program Files\Eclipse Adoptium\jdk-17.0.13.11-hotspot
PATH=C:\Users\ASUS\bin;C:\Program Files\Git\mingw64\bin;C:\Program Files\Git\usr\local\bin;C:\Program Files\Git\usr\bin;C:\Program Files\Git\usr\bin;C:\Program Files\Git\mingw64\bin;C:\Program Files\Git\usr\bin;C:\Users\ASUS\bin;C:\Program Files\Eclipse Adoptium\jdk-17.0.13.11-hotspot\bin;C:\Python312\Scripts;C:\Python312;C:\Program Files\Eclipse Adoptium\jdk-21.0.1.12-hotspot\bin;C:\Program Files (x86)\Common Files\Intel\Shared Libraries\redist\intel64\compiler;C:\Program Files (x86)\Common Files\Oracle\Java\javapath;C:\Windows\system32;C:\Windows;C:\Windows\System32\Wbem;C:\Windows\System32\WindowsPowerShell\v1.0;C:\Windows\System32\OpenSSH;C:\WINDOWS\system32;C:\WINDOWS;C:\WINDOWS\System32\Wbem;C:\WINDOWS\System32\WindowsPowerShell\v1.0;C:\WINDOWS\System32\OpenSSH;C:\WINDOWS\system32;C:\WINDOWS;C:\WINDOWS\System32\Wbem;C:\WINDOWS\System32\WindowsPowerShell\v1.0;C:\WINDOWS\System32\OpenSSH;C:\Program Files\Git\cmd;C:\Program Files\dotnet;C:\Program Files (x86)\NVIDIA Corporation\PhysX\Common;C:\ProgramData\chocolatey\bin;C:\Program Files\Docker\Docker\resources\bin;C:\Program Files\Java\jre1.8.0_271\bin;C:\Program Files\GitHub CLI;C:\Program Files\nodejs;C:\Program Files\NVIDIA Corporation\NVIDIA App\NvDLISR;C:\Users\ASUS\AppData\Local\Programs\Trae\bin;C:\Users\ASUS\AppData\Local\Programs\Python\Launcher;C:\Users\ASUS\AppData\Local\Microsoft\WindowsApps;C:\Program Files\JetBrains\PyCharm Community Edition 2021.2.3\bin;C:\flutter\bin;C:\Users\ASUS\AppData\Local\Android\Sdk;C:\flutter\flutter\bin;C:\Users\ASUS\AppData\Local\Android\Sdk\platform-tools;C:\Users\ASUS\AppData\Local\Programs\mongosh;C:\Program Files\heroku\bin;C:\Users\ASUS\AppData\Local\Programs\Microsoft VS Code\bin;C:\Users\ASUS\.lmstudio\bin;C:\Users\ASUS\AppData\Local\Programs\cursor\resources\app\bin;C:\Users\ASUS\AppData\Local\Programs\Windsurf\bin;C:\Users\ASUS\AppData\Local\Microsoft\WinGet\Links;C:\Users\ASUS\AppData\Local\Programs\Antigravity\bin;C:\Users\ASUS\AppData\Roaming\npm;C:\Users\ASUS\A
USERNAME=ASUS
SHELL=C:\Program Files\Git\bin\bash.exe
TERM=xterm-256color
OS=Windows_NT
PROCESSOR_IDENTIFIER=Intel64 Family 6 Model 165 Stepping 2, GenuineIntel
TMP=C:\Users\ASUS\AppData\Local\Temp
TEMP=C:\Users\ASUS\AppData\Local\Temp



Periodic native trim disabled


---------------  S Y S T E M  ---------------

OS:
 Windows 11 , 64 bit Build 26100 (10.0.26100.8521)
OS uptime: 0 days 23:18 hours
Hyper-V role detected

CPU: total 8 (initial active 8) (4 cores per cpu, 2 threads per core) family 6 model 165 stepping 2 microcode 0xe0, cx8, cmov, fxsr, ht, mmx, 3dnowpref, sse, sse2, sse3, ssse3, sse4.1, sse4.2, popcnt, lzcnt, tsc, tscinvbit, avx, avx2, aes, erms, clmul, bmi1, bmi2, adx, fma, vzeroupper, clflush, clflushopt, hv
Processor Information for all 8 processors :
  Max Mhz: 2496, Current Mhz: 2496, Mhz Limit: 2496

Memory: 4k page, system-wide physical 16221M (4615M free)
TotalPageFile size 19144M (AvailPageFile size 4M)
current process WorkingSet (physical memory assigned to process): 13M, peak: 13M
current process commit charge ("private bytes"): 60M, peak: 314M

vm_info: OpenJDK 64-Bit Server VM (17.0.13+11) for windows-amd64 JRE (17.0.13+11), built on Oct 16 2024 00:10:08 by "admin" with MS VC++ 17.7 (VS2022)

END.
